[2025-12-27 01:05:39] 尝试连接数据库: host=localhost, user=user, db=user
[2025-12-27 01:05:39] 数据库连接成功
[2025-12-27 01:05:39] 收到请求: action=test
[2025-12-27 01:05:39] 测试接口被调用
[2025-12-27 01:05:39] 检查登录状态: 已登录
[2025-12-27 01:05:39] 数据库连接已关闭
[2025-12-27 01:05:40] 尝试连接数据库: host=localhost, user=user, db=user
[2025-12-27 01:05:40] 数据库连接成功
[2025-12-27 01:05:40] 收到请求: action=check_login
[2025-12-27 01:05:40] 处理登录状态检查
[2025-12-27 01:05:40] 检查登录状态: 已登录
[2025-12-27 01:05:40] 检查登录状态: 已登录
[2025-12-27 01:05:40] 检查登录状态: 已登录
[2025-12-27 01:05:40] 检查登录状态: 已登录
[2025-12-27 01:05:40] 登录状态检查完成: 已登录
[2025-12-27 01:05:40] 数据库连接已关闭
[2025-12-27 01:05:40] 尝试连接数据库: host=localhost, user=user, db=user
[2025-12-27 01:05:40] 数据库连接成功
[2025-12-27 01:05:40] 收到请求: action=get_remaining_draws
[2025-12-27 01:05:40] 处理获取剩余抽奖次数
[2025-12-27 01:05:40] 检查登录状态: 已登录
[2025-12-27 01:05:40] 获取用户ID: 2
[2025-12-27 01:05:40] 查询抽奖次数: user_id=2, today=2025-12-27
[2025-12-27 01:05:40] 表lottery_records不存在
[2025-12-27 01:05:40] 数据库连接已关闭
[2025-12-27 01:05:40] 尝试连接数据库: host=localhost, user=user, db=user
[2025-12-27 01:05:40] 数据库连接成功
[2025-12-27 01:05:40] 收到请求: action=get_records
[2025-12-27 01:05:40] 处理获取抽奖记录
[2025-12-27 01:05:40] 检查登录状态: 已登录
[2025-12-27 01:05:40] 获取用户ID: 2
[2025-12-27 01:05:40] 查询抽奖记录: user_id=2
[2025-12-27 01:05:40] 表lottery_records不存在
[2025-12-27 01:05:40] 数据库连接已关闭
[2025-12-27 01:05:53] 尝试连接数据库: host=localhost, user=user, db=user
[2025-12-27 01:05:53] 数据库连接成功
[2025-12-27 01:05:53] 收到请求: action=test
[2025-12-27 01:05:53] 测试接口被调用
[2025-12-27 01:05:53] 检查登录状态: 已登录
[2025-12-27 01:05:53] 数据库连接已关闭
[2025-12-27 01:05:53] 尝试连接数据库: host=localhost, user=user, db=user
[2025-12-27 01:05:53] 数据库连接成功
[2025-12-27 01:05:53] 收到请求: action=check_login
[2025-12-27 01:05:53] 处理登录状态检查
[2025-12-27 01:05:53] 检查登录状态: 已登录
[2025-12-27 01:05:53] 检查登录状态: 已登录
[2025-12-27 01:05:53] 检查登录状态: 已登录
[2025-12-27 01:05:53] 检查登录状态: 已登录
[2025-12-27 01:05:53] 登录状态检查完成: 已登录
[2025-12-27 01:05:53] 数据库连接已关闭
[2025-12-27 01:05:53] 尝试连接数据库: host=localhost, user=user, db=user
[2025-12-27 01:05:53] 数据库连接成功
[2025-12-27 01:05:53] 收到请求: action=get_remaining_draws
[2025-12-27 01:05:53] 处理获取剩余抽奖次数
[2025-12-27 01:05:53] 检查登录状态: 已登录
[2025-12-27 01:05:53] 获取用户ID: 2
[2025-12-27 01:05:53] 查询抽奖次数: user_id=2, today=2025-12-27
[2025-12-27 01:05:53] 表lottery_records不存在
[2025-12-27 01:05:53] 数据库连接已关闭
[2025-12-27 01:05:53] 尝试连接数据库: host=localhost, user=user, db=user
[2025-12-27 01:05:53] 数据库连接成功
[2025-12-27 01:05:53] 收到请求: action=get_records
[2025-12-27 01:05:53] 处理获取抽奖记录
[2025-12-27 01:05:53] 检查登录状态: 已登录
[2025-12-27 01:05:53] 获取用户ID: 2
[2025-12-27 01:05:53] 查询抽奖记录: user_id=2
[2025-12-27 01:05:53] 表lottery_records不存在
[2025-12-27 01:05:53] 数据库连接已关闭
[2025-12-27 01:06:10] 尝试连接数据库: host=localhost, user=user, db=user
[2025-12-27 01:06:10] 数据库连接成功
[2025-12-27 01:06:10] 收到请求: action=test
[2025-12-27 01:06:10] 测试接口被调用
[2025-12-27 01:06:10] 检查登录状态: 未登录
[2025-12-27 01:06:10] 数据库连接已关闭
[2025-12-27 01:06:10] 尝试连接数据库: host=localhost, user=user, db=user
[2025-12-27 01:06:10] 数据库连接成功
[2025-12-27 01:06:10] 收到请求: action=check_login
[2025-12-27 01:06:10] 处理登录状态检查
[2025-12-27 01:06:10] 设置测试用户: user_id=1, username=测试用户
[2025-12-27 01:06:10] 检查登录状态: 已登录
[2025-12-27 01:06:10] 检查登录状态: 已登录
[2025-12-27 01:06:10] 检查登录状态: 已登录
[2025-12-27 01:06:10] 检查登录状态: 已登录
[2025-12-27 01:06:10] 登录状态检查完成: 已登录
[2025-12-27 01:06:10] 数据库连接已关闭
[2025-12-27 01:06:10] 尝试连接数据库: host=localhost, user=user, db=user
[2025-12-27 01:06:10] 数据库连接成功
[2025-12-27 01:06:10] 收到请求: action=get_remaining_draws
[2025-12-27 01:06:10] 处理获取剩余抽奖次数
[2025-12-27 01:06:10] 检查登录状态: 已登录
[2025-12-27 01:06:10] 获取用户ID: 1
[2025-12-27 01:06:10] 查询抽奖次数: user_id=1, today=2025-12-27
[2025-12-27 01:06:10] 表lottery_records不存在
[2025-12-27 01:06:10] 数据库连接已关闭
[2025-12-27 01:06:10] 尝试连接数据库: host=localhost, user=user, db=user
[2025-12-27 01:06:10] 数据库连接成功
[2025-12-27 01:06:10] 收到请求: action=get_records
[2025-12-27 01:06:10] 处理获取抽奖记录
[2025-12-27 01:06:10] 检查登录状态: 已登录
[2025-12-27 01:06:10] 获取用户ID: 1
[2025-12-27 01:06:10] 查询抽奖记录: user_id=1
[2025-12-27 01:06:10] 表lottery_records不存在
[2025-12-27 01:06:10] 数据库连接已关闭
[2025-12-27 01:06:14] 尝试连接数据库: host=localhost, user=user, db=user
[2025-12-27 01:06:14] 数据库连接成功
[2025-12-27 01:06:14] 收到请求: action=draw_lottery
[2025-12-27 01:06:14] 处理抽奖请求
[2025-12-27 01:06:14] 检查登录状态: 已登录
[2025-12-27 01:06:14] 获取用户ID: 1
[2025-12-27 01:06:14] 用户抽奖: user_id=1
[2025-12-27 01:06:14] 抽奖结果: 空谷幽兰 (未中奖)
[2025-12-27 01:06:14] 表不存在，跳过保存记录
[2025-12-27 01:06:14] 新的抽奖次数: used=1, remaining=2
[2025-12-27 01:06:14] 数据库连接已关闭
[2025-12-27 01:06:22] 尝试连接数据库: host=localhost, user=user, db=user
[2025-12-27 01:06:22] 数据库连接成功
[2025-12-27 01:06:22] 收到请求: action=draw_lottery
[2025-12-27 01:06:22] 处理抽奖请求
[2025-12-27 01:06:22] 检查登录状态: 已登录
[2025-12-27 01:06:22] 获取用户ID: 1
[2025-12-27 01:06:22] 用户抽奖: user_id=1
[2025-12-27 01:06:22] 抽奖结果: 空谷幽兰 (未中奖)
[2025-12-27 01:06:22] 表不存在，跳过保存记录
[2025-12-27 01:06:22] 新的抽奖次数: used=1, remaining=2
[2025-12-27 01:06:22] 数据库连接已关闭
[2025-12-27 01:06:28] 尝试连接数据库: host=localhost, user=user, db=user
[2025-12-27 01:06:28] 数据库连接成功
[2025-12-27 01:06:28] 收到请求: action=draw_lottery
[2025-12-27 01:06:28] 处理抽奖请求
[2025-12-27 01:06:28] 检查登录状态: 已登录
[2025-12-27 01:06:28] 获取用户ID: 1
[2025-12-27 01:06:28] 用户抽奖: user_id=1
[2025-12-27 01:06:28] 抽奖结果: 澄怀观道 (未中奖)
[2025-12-27 01:06:28] 表不存在，跳过保存记录
[2025-12-27 01:06:28] 新的抽奖次数: used=1, remaining=2
[2025-12-27 01:06:28] 数据库连接已关闭
[2025-12-27 01:06:33] 尝试连接数据库: host=localhost, user=user, db=user
[2025-12-27 01:06:33] 数据库连接成功
[2025-12-27 01:06:33] 收到请求: action=draw_lottery
[2025-12-27 01:06:33] 处理抽奖请求
[2025-12-27 01:06:33] 检查登录状态: 已登录
[2025-12-27 01:06:33] 获取用户ID: 1
[2025-12-27 01:06:33] 用户抽奖: user_id=1
[2025-12-27 01:06:33] 抽奖结果: 澄怀观道 (未中奖)
[2025-12-27 01:06:33] 表不存在，跳过保存记录
[2025-12-27 01:06:33] 新的抽奖次数: used=1, remaining=2
[2025-12-27 01:06:33] 数据库连接已关闭
